# JRE version: OpenJDK Runtime Environment Temurin-17.0.4.1+1 (17.0.4.1+1) (build 17.0.4.1+1)
# Java VM: OpenJDK 64-Bit Server VM Temurin-17.0.4.1+1 (17.0.4.1+1, mixed mode, emulated-client, tiered, compressed oops, compressed class ptrs, g1 gc, windows-amd64)
GC Precious Log:
 CPUs: 8 total, 8 available
 Memory: 16051M
 Large Page Support: Disabled
 NUMA Support: Disabled
 Compressed Oops: Enabled (Zero based)
 Heap Region Size: 2M
 Heap Min Capacity: 8M
 Heap Initial Capacity: 252M
 Heap Max Capacity: 4014M
 Pre-touch: Disabled
 Parallel Workers: 8
 Concurrent Workers: 2
 Concurrent Refinement Workers: 8
 Periodic GC: Disabled
Heap:
 garbage-first heap   total 81920K, used 23674K [0x0000000705200000, 0x0000000800000000)
  region size 2048K, 1 young (2048K), 0 survivors (0K)
 Metaspace       used 43015K, committed 43520K, reserved 1089536K
  class space    used 6016K, committed 6208K, reserved 1048576K
GC Heap History (20 events):
Event: 1077.875 GC heap before
{Heap before GC invocations=119 (full 95):
 garbage-first heap   total 81920K, used 23674K [0x0000000705200000, 0x0000000800000000)
  region size 2048K, 1 young (2048K), 0 survivors (0K)
 Metaspace       used 43015K, committed 43520K, reserved 1089536K
  class space    used 6016K, committed 6208K, reserved 1048576K
}
Event: 1077.898 GC heap after
{Heap after GC invocations=120 (full 96):
 garbage-first heap   total 81920K, used 23674K [0x0000000705200000, 0x0000000800000000)
  region size 2048K, 0 young (0K), 0 survivors (0K)
 Metaspace       used 43015K, committed 43520K, reserved 1089536K
  class space    used 6016K, committed 6208K, reserved 1048576K
}
Event: 1088.057 GC heap before
{Heap before GC invocations=120 (full 96):
 garbage-first heap   total 81920K, used 23674K [0x0000000705200000, 0x0000000800000000)
  region size 2048K, 1 young (2048K), 0 survivors (0K)
 Metaspace       used 43015K, committed 43520K, reserved 1089536K
  class space    used 6016K, committed 6208K, reserved 1048576K
}
Event: 1088.078 GC heap after
{Heap after GC invocations=121 (full 97):
 garbage-first heap   total 81920K, used 23674K [0x0000000705200000, 0x0000000800000000)
  region size 2048K, 0 young (0K), 0 survivors (0K)
 Metaspace       used 43015K, committed 43520K, reserved 1089536K
  class space    used 6016K, committed 6208K, reserved 1048576K
}
Event: 1098.183 GC heap before
{Heap before GC invocations=121 (full 97):
 garbage-first heap   total 81920K, used 23674K [0x0000000705200000, 0x0000000800000000)
  region size 2048K, 1 young (2048K), 0 survivors (0K)
 Metaspace       used 43015K, committed 43520K, reserved 1089536K
  class space    used 6016K, committed 6208K, reserved 1048576K
}
Event: 1098.204 GC heap after
{Heap after GC invocations=122 (full 98):
 garbage-first heap   total 81920K, used 23674K [0x0000000705200000, 0x0000000800000000)
  region size 2048K, 0 young (0K), 0 survivors (0K)
 Metaspace       used 43015K, committed 43520K, reserved 1089536K
  class space    used 6016K, committed 6208K, reserved 1048576K
}
Event: 1108.317 GC heap before
{Heap before GC invocations=122 (full 98):
 garbage-first heap   total 81920K, used 23674K [0x0000000705200000, 0x0000000800000000)
  region size 2048K, 1 young (2048K), 0 survivors (0K)
 Metaspace       used 43015K, committed 43520K, reserved 1089536K
  class space    used 6016K, committed 6208K, reserved 1048576K
}
Event: 1108.337 GC heap after
{Heap after GC invocations=123 (full 99):
 garbage-first heap   total 81920K, used 23674K [0x0000000705200000, 0x0000000800000000)
  region size 2048K, 0 young (0K), 0 survivors (0K)
 Metaspace       used 43015K, committed 43520K, reserved 1089536K
  class space    used 6016K, committed 6208K, reserved 1048576K
}
Event: 1118.439 GC heap before
{Heap before GC invocations=123 (full 99):
 garbage-first heap   total 81920K, used 23674K [0x0000000705200000, 0x0000000800000000)
  region size 2048K, 1 young (2048K), 0 survivors (0K)
 Metaspace       used 43015K, committed 43520K, reserved 1089536K
  class space    used 6016K, committed 6208K, reserved 1048576K
}
Event: 1118.459 GC heap after
{Heap after GC invocations=124 (full 100):
 garbage-first heap   total 81920K, used 23674K [0x0000000705200000, 0x0000000800000000)
  region size 2048K, 0 young (0K), 0 survivors (0K)
 Metaspace       used 43015K, committed 43520K, reserved 1089536K
  class space    used 6016K, committed 6208K, reserved 1048576K
}
Event: 1128.593 GC heap before
{Heap before GC invocations=124 (full 100):
 garbage-first heap   total 81920K, used 23674K [0x0000000705200000, 0x0000000800000000)
  region size 2048K, 1 young (2048K), 0 survivors (0K)
 Metaspace       used 43015K, committed 43520K, reserved 1089536K
  class space    used 6016K, committed 6208K, reserved 1048576K
}
Event: 1128.613 GC heap after
{Heap after GC invocations=125 (full 101):
 garbage-first heap   total 81920K, used 23674K [0x0000000705200000, 0x0000000800000000)
  region size 2048K, 0 young (0K), 0 survivors (0K)
 Metaspace       used 43015K, committed 43520K, reserved 1089536K
  class space    used 6016K, committed 6208K, reserved 1048576K
}
Event: 1138.746 GC heap before
{Heap before GC invocations=125 (full 101):
 garbage-first heap   total 81920K, used 23674K [0x0000000705200000, 0x0000000800000000)
  region size 2048K, 1 young (2048K), 0 survivors (0K)
 Metaspace       used 43015K, committed 43520K, reserved 1089536K
  class space    used 6016K, committed 6208K, reserved 1048576K
}
Event: 1138.766 GC heap after
{Heap after GC invocations=126 (full 102):
 garbage-first heap   total 81920K, used 23674K [0x0000000705200000, 0x0000000800000000)
  region size 2048K, 0 young (0K), 0 survivors (0K)
 Metaspace       used 43015K, committed 43520K, reserved 1089536K
  class space    used 6016K, committed 6208K, reserved 1048576K
}
Event: 1148.897 GC heap before
{Heap before GC invocations=126 (full 102):
 garbage-first heap   total 81920K, used 23674K [0x0000000705200000, 0x0000000800000000)
  region size 2048K, 1 young (2048K), 0 survivors (0K)
 Metaspace       used 43015K, committed 43520K, reserved 1089536K
  class space    used 6016K, committed 6208K, reserved 1048576K
}
Event: 1148.917 GC heap after
{Heap after GC invocations=127 (full 103):
 garbage-first heap   total 81920K, used 23674K [0x0000000705200000, 0x0000000800000000)
  region size 2048K, 0 young (0K), 0 survivors (0K)
 Metaspace       used 43015K, committed 43520K, reserved 1089536K
  class space    used 6016K, committed 6208K, reserved 1048576K
}
Event: 1159.070 GC heap before
{Heap before GC invocations=127 (full 103):
 garbage-first heap   total 81920K, used 23674K [0x0000000705200000, 0x0000000800000000)
  region size 2048K, 1 young (2048K), 0 survivors (0K)
 Metaspace       used 43015K, committed 43520K, reserved 1089536K
  class space    used 6016K, committed 6208K, reserved 1048576K
}
Event: 1159.097 GC heap after
{Heap after GC invocations=128 (full 104):
 garbage-first heap   total 81920K, used 23674K [0x0000000705200000, 0x0000000800000000)
  region size 2048K, 0 young (0K), 0 survivors (0K)
 Metaspace       used 43015K, committed 43520K, reserved 1089536K
  class space    used 6016K, committed 6208K, reserved 1048576K
}
Event: 1179.316 GC heap before
{Heap before GC invocations=128 (full 104):
 garbage-first heap   total 81920K, used 23674K [0x0000000705200000, 0x0000000800000000)
  region size 2048K, 1 young (2048K), 0 survivors (0K)
 Metaspace       used 43015K, committed 43520K, reserved 1089536K
  class space    used 6016K, committed 6208K, reserved 1048576K
}
Event: 1179.340 GC heap after
{Heap after GC invocations=129 (full 105):
 garbage-first heap   total 81920K, used 23674K [0x0000000705200000, 0x0000000800000000)
  region size 2048K, 0 young (0K), 0 survivors (0K)
 Metaspace       used 43015K, committed 43520K, reserved 1089536K
  class space    used 6016K, committed 6208K, reserved 1048576K
}

